<html>
<head>
<title>TestNG:  Default test</title>
<link href="../testng.css" rel="stylesheet" type="text/css" />
<link href="../my-testng.css" rel="stylesheet" type="text/css" />

<style type="text/css">
.log { display: none;} 
.stack-trace { display: none;} 
</style>
<script type="text/javascript">
<!--
function flip(e) {
  current = e.style.display;
  if (current == 'block') {
    e.style.display = 'none';
    return 0;
  }
  else {
    e.style.display = 'block';
    return 1;
  }
}

function toggleBox(szDivId, elem, msg1, msg2)
{
  var res = -1;  if (document.getElementById) {
    res = flip(document.getElementById(szDivId));
  }
  else if (document.all) {
    // this is the way old msie versions work
    res = flip(document.all[szDivId]);
  }
  if(elem) {
    if(res == 0) elem.innerHTML = msg1; else elem.innerHTML = msg2;
  }

}

function toggleAllBoxes() {
  if (document.getElementsByTagName) {
    d = document.getElementsByTagName('div');
    for (i = 0; i < d.length; i++) {
      if (d[i].className == 'log') {
        flip(d[i]);
      }
    }
  }
}

// -->
</script>

</head>
<body>
<h2 align='center'>Default test</h2><table border='1' align="center">
<tr>
<td>Tests passed/Failed/Skipped:</td><td>19/1/0</td>
</tr><tr>
<td>Started on:</td><td>Thu Nov 17 12:38:49 IST 2022</td>
</tr>
<tr><td>Total time:</td><td>618 seconds (618885 ms)</td>
</tr><tr>
<td>Included groups:</td><td></td>
</tr><tr>
<td>Excluded groups:</td><td></td>
</tr>
</table><p/>
<small><i>(Hover the method name to see the test class name)</i></small><p/>
<table width='100%' border='1' class='invocation-failed'>
<tr><td colspan='4' align='center'><b>FAILED TESTS</b></td></tr>
<tr><td><b>Test method</b></td>
<td width="30%"><b>Exception</b></td>
<td width="10%"><b>Time (seconds)</b></td>
<td><b>Instance</b></td>
</tr>
<tr>
<td title='costCalculator_tests.CalculateCost.ShareQuotation()'><b>ShareQuotation</b><br>Test class: costCalculator_tests.CalculateCost</td>
<td><div><pre>org.openqa.selenium.ElementClickInterceptedException: element click intercepted: Element &lt;button _ngcontent-oen-c162=&quot;&quot; type=&quot;undefined&quot; class=&quot;button-outlined-primary&quot; disabled=&quot;&quot;&gt;...&lt;/button&gt; is not clickable at point (1379, 679). Other element would receive the click: &lt;button _ngcontent-oen-c162=&quot;&quot; type=&quot;undefined&quot; class=&quot;button-filled-primary&quot;&gt;...&lt;/button&gt;
  (Session info: chrome=107.0.5304.107)
Build info: version: &apos;4.5.0&apos;, revision: &apos;fe167b119a&apos;
System info: os.name: &apos;Windows 11&apos;, os.arch: &apos;amd64&apos;, os.version: &apos;10.0&apos;, java.version: &apos;17.0.5&apos;
Driver info: org.openqa.selenium.chrome.ChromeDriver
Command: [33d33d38ad1f067d308ae11c6c7446c2, clickElement {id=90da6a8d-1a00-44ef-a4cb-16ece7c865d7}]
Capabilities {acceptInsecureCerts: false, browserName: chrome, browserVersion: 107.0.5304.107, chrome: {chromedriverVersion: 107.0.5304.62 (1eec40d3a576..., userDataDir: C:\Users\dpran\AppData\Loca...}, goog:chromeOptions: {debuggerAddress: localhost:52901}, networkConnectionEnabled: false, pageLoadStrategy: normal, platformName: WINDOWS, proxy: Proxy(), se:cdp: ws://localhost:52901/devtoo..., se:cdpVersion: 107.0.5304.107, setWindowRect: true, strictFileInteractability: false, timeouts: {implicit: 0, pageLoad: 300000, script: 30000}, unhandledPromptBehavior: dismiss and notify, webauthn:extension:credBlob: true, webauthn:extension:largeBlob: true, webauthn:virtualAuthenticators: true}
Element: [[ChromeDriver: chrome on WINDOWS (33d33d38ad1f067d308ae11c6c7446c2)] -&gt; xpath: //button[text()=&apos; View Quotation &apos;]]
Session ID: 33d33d38ad1f067d308ae11c6c7446c2
	at java.base/jdk.internal.reflect.NativeConstructorAccessorImpl.newInstance0(Native Method)
	at java.base/jdk.internal.reflect.NativeConstructorAccessorImpl.newInstance(NativeConstructorAccessorImpl.java:77)
	at java.base/jdk.internal.reflect.DelegatingConstructorAccessorImpl.newInstance(DelegatingConstructorAccessorImpl.java:45)
	at java.base/java.lang.reflect.Constructor.newInstanceWithCaller(Constructor.java:499)
	at java.base/java.lang.reflect.Constructor.newInstance(Constructor.java:480)
	at org.openqa.selenium.remote.codec.w3c.W3CHttpResponseCodec.createException(W3CHttpResponseCodec.java:200)
	at org.openqa.selenium.remote.codec.w3c.W3CHttpResponseCodec.decode(W3CHttpResponseCodec.java:133)
	at org.openqa.selenium.remote.codec.w3c.W3CHttpResponseCodec.decode(W3CHttpResponseCodec.java:53)
	at org.openqa.selenium.remote.HttpCommandExecutor.execute(HttpCommandExecutor.java:184)
	at org.openqa.selenium.remote.service.DriverCommandExecutor.invokeExecute(DriverCommandExecutor.java:167)
	at org.openqa.selenium.remote.service.DriverCommandExecutor.execute(DriverCommandExecutor.java:142)
	at org.openqa.selenium.remote.RemoteWebDriver.execute(RemoteWebDriver.java:547)
	at org.openqa.selenium.remote.RemoteWebElement.execute(RemoteWebElement.java:257)
	at org.openqa.selenium.remote.RemoteWebElement.click(RemoteWebElement.java:78)
	at costCalculator_tests.CalculateCost.ShareQuotation(CalculateCost.java:57)
	at java.base/jdk.internal.reflect.NativeMethodAccessorImpl.invoke0(Native Method)
	at java.base/jdk.internal.reflect.NativeMethodAccessorImpl.invoke(NativeMethodAccessorImpl.java:77)
	at java.base/jdk.internal.reflect.DelegatingMethodAccessorImpl.invoke(DelegatingMethodAccessorImpl.java:43)
	at java.base/java.lang.reflect.Method.invoke(Method.java:568)
	at org.testng.internal.MethodInvocationHelper.invokeMethod(MethodInvocationHelper.java:133)
	at org.testng.internal.TestInvoker.invokeMethod(TestInvoker.java:598)
	at org.testng.internal.TestInvoker.invokeTestMethod(TestInvoker.java:173)
	at org.testng.internal.MethodRunner.runInSequence(MethodRunner.java:46)
	at org.testng.internal.TestInvoker$MethodInvocationAgent.invoke(TestInvoker.java:824)
	at org.testng.internal.TestInvoker.invokeTestMethods(TestInvoker.java:146)
	at org.testng.internal.TestMethodWorker.invokeTestMethods(TestMethodWorker.java:146)
	at org.testng.internal.TestMethodWorker.run(TestMethodWorker.java:128)
	at java.base/java.util.ArrayList.forEach(ArrayList.java:1511)
	at org.testng.TestRunner.privateRun(TestRunner.java:794)
	at org.testng.TestRunner.run(TestRunner.java:596)
	at org.testng.SuiteRunner.runTest(SuiteRunner.java:377)
	at org.testng.SuiteRunner.runSequentially(SuiteRunner.java:371)
	at org.testng.SuiteRunner.privateRun(SuiteRunner.java:332)
	at org.testng.SuiteRunner.run(SuiteRunner.java:276)
	at org.testng.SuiteRunnerWorker.runSuite(SuiteRunnerWorker.java:53)
	at org.testng.SuiteRunnerWorker.run(SuiteRunnerWorker.java:96)
	at org.testng.TestNG.runSuitesSequentially(TestNG.java:1212)
	at org.testng.TestNG.runSuitesLocally(TestNG.java:1134)
	at org.testng.TestNG.runSuites(TestNG.java:1063)
	at org.testng.TestNG.run(TestNG.java:1031)
	at org.testng.remote.AbstractRemoteTestNG.run(AbstractRemoteTestNG.java:115)
	at org.testng.remote.RemoteTestNG.initAndRun(RemoteTestNG.java:251)
	at org.testng.remote.RemoteTestNG.main(RemoteTestNG.java:77)
</pre></div><a href='#' onClick='toggleBox("stack-trace521786403", this, "Click to show all stack frames", "Click to hide stack frames")'>Click to show all stack frames</a>
<div class='stack-trace' id='stack-trace521786403'><pre>org.openqa.selenium.ElementClickInterceptedException: element click intercepted: Element &lt;button _ngcontent-oen-c162=&quot;&quot; type=&quot;undefined&quot; class=&quot;button-outlined-primary&quot; disabled=&quot;&quot;&gt;...&lt;/button&gt; is not clickable at point (1379, 679). Other element would receive the click: &lt;button _ngcontent-oen-c162=&quot;&quot; type=&quot;undefined&quot; class=&quot;button-filled-primary&quot;&gt;...&lt;/button&gt;
  (Session info: chrome=107.0.5304.107)
Build info: version: &apos;4.5.0&apos;, revision: &apos;fe167b119a&apos;
System info: os.name: &apos;Windows 11&apos;, os.arch: &apos;amd64&apos;, os.version: &apos;10.0&apos;, java.version: &apos;17.0.5&apos;
Driver info: org.openqa.selenium.chrome.ChromeDriver
Command: [33d33d38ad1f067d308ae11c6c7446c2, clickElement {id=90da6a8d-1a00-44ef-a4cb-16ece7c865d7}]
Capabilities {acceptInsecureCerts: false, browserName: chrome, browserVersion: 107.0.5304.107, chrome: {chromedriverVersion: 107.0.5304.62 (1eec40d3a576..., userDataDir: C:\Users\dpran\AppData\Loca...}, goog:chromeOptions: {debuggerAddress: localhost:52901}, networkConnectionEnabled: false, pageLoadStrategy: normal, platformName: WINDOWS, proxy: Proxy(), se:cdp: ws://localhost:52901/devtoo..., se:cdpVersion: 107.0.5304.107, setWindowRect: true, strictFileInteractability: false, timeouts: {implicit: 0, pageLoad: 300000, script: 30000}, unhandledPromptBehavior: dismiss and notify, webauthn:extension:credBlob: true, webauthn:extension:largeBlob: true, webauthn:virtualAuthenticators: true}
Element: [[ChromeDriver: chrome on WINDOWS (33d33d38ad1f067d308ae11c6c7446c2)] -&gt; xpath: //button[text()=&apos; View Quotation &apos;]]
Session ID: 33d33d38ad1f067d308ae11c6c7446c2
	at java.base/jdk.internal.reflect.NativeConstructorAccessorImpl.newInstance0(Native Method)
	at java.base/jdk.internal.reflect.NativeConstructorAccessorImpl.newInstance(NativeConstructorAccessorImpl.java:77)
	at java.base/jdk.internal.reflect.DelegatingConstructorAccessorImpl.newInstance(DelegatingConstructorAccessorImpl.java:45)
	at java.base/java.lang.reflect.Constructor.newInstanceWithCaller(Constructor.java:499)
	at java.base/java.lang.reflect.Constructor.newInstance(Constructor.java:480)
	at org.openqa.selenium.remote.codec.w3c.W3CHttpResponseCodec.createException(W3CHttpResponseCodec.java:200)
	at org.openqa.selenium.remote.codec.w3c.W3CHttpResponseCodec.decode(W3CHttpResponseCodec.java:133)
	at org.openqa.selenium.remote.codec.w3c.W3CHttpResponseCodec.decode(W3CHttpResponseCodec.java:53)
	at org.openqa.selenium.remote.HttpCommandExecutor.execute(HttpCommandExecutor.java:184)
	at org.openqa.selenium.remote.service.DriverCommandExecutor.invokeExecute(DriverCommandExecutor.java:167)
	at org.openqa.selenium.remote.service.DriverCommandExecutor.execute(DriverCommandExecutor.java:142)
	at org.openqa.selenium.remote.RemoteWebDriver.execute(RemoteWebDriver.java:547)
	at org.openqa.selenium.remote.RemoteWebElement.execute(RemoteWebElement.java:257)
	at org.openqa.selenium.remote.RemoteWebElement.click(RemoteWebElement.java:78)
	at costCalculator_tests.CalculateCost.ShareQuotation(CalculateCost.java:57)
	at java.base/jdk.internal.reflect.NativeMethodAccessorImpl.invoke0(Native Method)
	at java.base/jdk.internal.reflect.NativeMethodAccessorImpl.invoke(NativeMethodAccessorImpl.java:77)
	at java.base/jdk.internal.reflect.DelegatingMethodAccessorImpl.invoke(DelegatingMethodAccessorImpl.java:43)
	at java.base/java.lang.reflect.Method.invoke(Method.java:568)
	at org.testng.internal.MethodInvocationHelper.invokeMethod(MethodInvocationHelper.java:133)
	at org.testng.internal.TestInvoker.invokeMethod(TestInvoker.java:598)
	at org.testng.internal.TestInvoker.invokeTestMethod(TestInvoker.java:173)
	at org.testng.internal.MethodRunner.runInSequence(MethodRunner.java:46)
	at org.testng.internal.TestInvoker$MethodInvocationAgent.invoke(TestInvoker.java:824)
	at org.testng.internal.TestInvoker.invokeTestMethods(TestInvoker.java:146)
	at org.testng.internal.TestMethodWorker.invokeTestMethods(TestMethodWorker.java:146)
	at org.testng.internal.TestMethodWorker.run(TestMethodWorker.java:128)
	at java.base/java.util.ArrayList.forEach(ArrayList.java:1511)
	at org.testng.TestRunner.privateRun(TestRunner.java:794)
	at org.testng.TestRunner.run(TestRunner.java:596)
	at org.testng.SuiteRunner.runTest(SuiteRunner.java:377)
	at org.testng.SuiteRunner.runSequentially(SuiteRunner.java:371)
	at org.testng.SuiteRunner.privateRun(SuiteRunner.java:332)
	at org.testng.SuiteRunner.run(SuiteRunner.java:276)
	at org.testng.SuiteRunnerWorker.runSuite(SuiteRunnerWorker.java:53)
	at org.testng.SuiteRunnerWorker.run(SuiteRunnerWorker.java:96)
	at org.testng.TestNG.runSuitesSequentially(TestNG.java:1212)
	at org.testng.TestNG.runSuitesLocally(TestNG.java:1134)
	at org.testng.TestNG.runSuites(TestNG.java:1063)
	at org.testng.TestNG.run(TestNG.java:1031)
	at org.testng.remote.AbstractRemoteTestNG.run(AbstractRemoteTestNG.java:115)
	at org.testng.remote.RemoteTestNG.initAndRun(RemoteTestNG.java:251)
	at org.testng.remote.RemoteTestNG.main(RemoteTestNG.java:77)
</pre></div></td>
<td>16</td>
<td>costCalculator_tests.CalculateCost@5d534f5d</td></tr>
</table><p>
<table width='100%' border='1' class='invocation-passed'>
<tr><td colspan='4' align='center'><b>PASSED TESTS</b></td></tr>
<tr><td><b>Test method</b></td>
<td width="30%"><b>Exception</b></td>
<td width="10%"><b>Time (seconds)</b></td>
<td><b>Instance</b></td>
</tr>
<tr>
<td title='feedback_tests.NewFeedback.Create_Feedback()'><b>Create_Feedback</b><br>Test class: feedback_tests.NewFeedback</td>
<td></td>
<td>12</td>
<td>feedback_tests.NewFeedback@201a4587</td></tr>
<tr>
<td title='payments_tests.NewCreditNote.creditnote_Product()'><b>creditnote_Product</b><br>Test class: payments_tests.NewCreditNote<br>Parameters: Abhilash, New Credit Note, Product, 10, 150</td>
<td></td>
<td>16</td>
<td>payments_tests.NewCreditNote@2e3967ea</td></tr>
<tr>
<td title='payments_tests.RetainerInvoice.NewRetainerInvoice()'><b>NewRetainerInvoice</b><br>Test class: payments_tests.RetainerInvoice<br>Parameters: Samuel, 10000, Card</td>
<td></td>
<td>21</td>
<td>payments_tests.RetainerInvoice@121314f7</td></tr>
<tr>
<td title='payments_tests.NewCreditNote.creditnote_Procedure()'><b>creditnote_Procedure</b><br>Test class: payments_tests.NewCreditNote<br>Parameters: Abhilash, New Credit Note, Procedure, 2, 1500</td>
<td></td>
<td>13</td>
<td>payments_tests.NewCreditNote@2e3967ea</td></tr>
<tr>
<td title='payments_tests.NewCreditNote.creditnote_Procedure()'><b>creditnote_Procedure</b><br>Test class: payments_tests.NewCreditNote<br>Parameters: Vijay K, New Credit Note, Procedure, 1, 3000</td>
<td></td>
<td>14</td>
<td>payments_tests.NewCreditNote@2e3967ea</td></tr>
<tr>
<td title='payments_tests.RetainerInvoice.NewRetainerInvoice()'><b>NewRetainerInvoice</b><br>Test class: payments_tests.RetainerInvoice<br>Parameters: Vijay K, 6000, UPI</td>
<td></td>
<td>18</td>
<td>payments_tests.RetainerInvoice@121314f7</td></tr>
<tr>
<td title='login_Roles_tests.LoginDiffRoles.DifferentRolesLogin()'><b>DifferentRolesLogin</b><br>Test class: login_Roles_tests.LoginDiffRoles<br>Parameters: Superdoc, dpranit07@gmail.com, Aa123456789</td>
<td></td>
<td>31</td>
<td>login_Roles_tests.LoginDiffRoles@3a44431a</td></tr>
<tr>
<td title='login_Roles_tests.LoginDiffRoles.DifferentRolesLogin()'><b>DifferentRolesLogin</b><br>Test class: login_Roles_tests.LoginDiffRoles<br>Parameters: Doctor, jeceni6533@pamaweb.com, Aa123456789</td>
<td></td>
<td>29</td>
<td>login_Roles_tests.LoginDiffRoles@3a44431a</td></tr>
<tr>
<td title='login_Roles_tests.LoginDiffRoles.DifferentRolesLogin()'><b>DifferentRolesLogin</b><br>Test class: login_Roles_tests.LoginDiffRoles<br>Parameters: Consultant, vahesop275@dakcans.com, Aa123456789</td>
<td></td>
<td>27</td>
<td>login_Roles_tests.LoginDiffRoles@3a44431a</td></tr>
<tr>
<td title='login_Roles_tests.LoginDiffRoles.DifferentRolesLogin()'><b>DifferentRolesLogin</b><br>Test class: login_Roles_tests.LoginDiffRoles<br>Parameters: InvalidSuperdoc, pranit07@gmail.com, AA123456789</td>
<td></td>
<td>27</td>
<td>login_Roles_tests.LoginDiffRoles@3a44431a</td></tr>
<tr>
<td title='login_Roles_tests.LoginDiffRoles.DifferentRolesLogin()'><b>DifferentRolesLogin</b><br>Test class: login_Roles_tests.LoginDiffRoles<br>Parameters: InvalidDoc, pranit07@gmail.com, AA123456789</td>
<td></td>
<td>27</td>
<td>login_Roles_tests.LoginDiffRoles@3a44431a</td></tr>
<tr>
<td title='appointments_tests.Counselling_appointment_test.CounsellingAppoinmentS()'><b>CounsellingAppoinmentS</b><br>Test class: appointments_tests.Counselling_appointment_test<br>Parameters: Pranit Dhole</td>
<td></td>
<td>24</td>
<td>appointments_tests.Counselling_appointment_test@130c12b7</td></tr>
<tr>
<td title='costCalculator_tests.CalculateCost.ProcedureCostCalculate()'><b>ProcedureCostCalculate</b><br>Test class: costCalculator_tests.CalculateCost<br>Parameters: Smaran, Dermal Fillers, 500</td>
<td></td>
<td>15</td>
<td>costCalculator_tests.CalculateCost@5d534f5d</td></tr>
<tr>
<td title='feedback_tests.NewFeedback.Share_FeedbackMail()'><b>Share_FeedbackMail</b><br>Test class: feedback_tests.NewFeedback</td>
<td></td>
<td>12</td>
<td>feedback_tests.NewFeedback@201a4587</td></tr>
<tr>
<td title='feedback_tests.NewFeedback.Share_FeedbackWAP()'><b>Share_FeedbackWAP</b><br>Test class: feedback_tests.NewFeedback</td>
<td></td>
<td>11</td>
<td>feedback_tests.NewFeedback@201a4587</td></tr>
<tr>
<td title='appointments_tests.Consultation_appointment_test.ConsultationAppoinment()'><b>ConsultationAppoinment</b><br>Test class: appointments_tests.Consultation_appointment_test<br>Parameters: Pranit Dhole</td>
<td></td>
<td>30</td>
<td>appointments_tests.Consultation_appointment_test@60bd273d</td></tr>
<tr>
<td title='payments_tests.NewCreditNote.creditnote_Product()'><b>creditnote_Product</b><br>Test class: payments_tests.NewCreditNote<br>Parameters: Vijay K, New Credit Note, Product, 20, 120</td>
<td></td>
<td>19</td>
<td>payments_tests.NewCreditNote@2e3967ea</td></tr>
<tr>
<td title='payments_tests.RetainerInvoice.NewRetainerInvoice()'><b>NewRetainerInvoice</b><br>Test class: payments_tests.RetainerInvoice<br>Parameters: Pranit Dhole, 50000, Cash</td>
<td></td>
<td>21</td>
<td>payments_tests.RetainerInvoice@121314f7</td></tr>
<tr>
<td title='costCalculator_tests.CalculateCost.ProcedureCostCalculate()'><b>ProcedureCostCalculate</b><br>Test class: costCalculator_tests.CalculateCost<br>Parameters: Vijay K, Pico Toning, 1000</td>
<td></td>
<td>9</td>
<td>costCalculator_tests.CalculateCost@5d534f5d</td></tr>
</table><p>
</body>
</html>