<?xml version="1.0" encoding="UTF-8"?>
<!-- Generated by org.testng.reporters.JUnitXMLReporter -->
<testsuite ignored="0" hostname="Pranit-Dhole07" failures="1" tests="20" name="Default test" time="618.885" errors="0" timestamp="2022-11-17T12:49:08 IST">
  <testcase classname="login_Roles_tests.LoginDiffRoles" name="DifferentRolesLogin" time="31.381"/>
  <testcase classname="login_Roles_tests.LoginDiffRoles" name="DifferentRolesLogin" time="29.583"/>
  <testcase classname="login_Roles_tests.LoginDiffRoles" name="DifferentRolesLogin" time="27.82"/>
  <testcase classname="login_Roles_tests.LoginDiffRoles" name="DifferentRolesLogin" time="27.108"/>
  <testcase classname="login_Roles_tests.LoginDiffRoles" name="DifferentRolesLogin" time="27.144"/>
  <testcase classname="feedback_tests.NewFeedback" name="Create_Feedback" time="12.305"/>
  <testcase classname="feedback_tests.NewFeedback" name="Share_FeedbackMail" time="12.563"/>
  <testcase classname="feedback_tests.NewFeedback" name="Share_FeedbackWAP" time="11.257"/>
  <testcase classname="appointments_tests.Consultation_appointment_test" name="ConsultationAppoinment" time="30.62"/>
  <testcase classname="payments_tests.RetainerInvoice" name="NewRetainerInvoice" time="21.077"/>
  <testcase classname="payments_tests.RetainerInvoice" name="NewRetainerInvoice" time="18.041"/>
  <testcase classname="payments_tests.RetainerInvoice" name="NewRetainerInvoice" time="21.757"/>
  <testcase classname="appointments_tests.Counselling_appointment_test" name="CounsellingAppoinmentS" time="24.561"/>
  <testcase classname="costCalculator_tests.CalculateCost" name="ProcedureCostCalculate" time="15.784"/>
  <testcase classname="costCalculator_tests.CalculateCost" name="ProcedureCostCalculate" time="9.278"/>
  <testcase classname="costCalculator_tests.CalculateCost" name="ShareQuotation" time="16.234">
    <failure type="org.openqa.selenium.ElementClickInterceptedException" message="element click intercepted: Element &amp;lt;button _ngcontent-oen-c162=&amp;quot;&amp;quot; type=&amp;quot;undefined&amp;quot; class=&amp;quot;button-outlined-primary&amp;quot; disabled=&amp;quot;&amp;quot;&amp;gt;...&amp;lt;/button&amp;gt; is not clickable at point (1379, 679). Other element would receive the click: &amp;lt;button _ngcontent-oen-c162=&amp;quot;&amp;quot; type=&amp;quot;undefined&amp;quot; class=&amp;quot;button-filled-primary&amp;quot;&amp;gt;...&amp;lt;/button&amp;gt;
  (Session info: chrome=107.0.5304.107)
Build info: version: &amp;apos;4.5.0&amp;apos;, revision: &amp;apos;fe167b119a&amp;apos;
System info: os.name: &amp;apos;Windows 11&amp;apos;, os.arch: &amp;apos;amd64&amp;apos;, os.version: &amp;apos;10.0&amp;apos;, java.version: &amp;apos;17.0.5&amp;apos;
Driver info: org.openqa.selenium.chrome.ChromeDriver
Command: [33d33d38ad1f067d308ae11c6c7446c2, clickElement {id=90da6a8d-1a00-44ef-a4cb-16ece7c865d7}]
Capabilities {acceptInsecureCerts: false, browserName: chrome, browserVersion: 107.0.5304.107, chrome: {chromedriverVersion: 107.0.5304.62 (1eec40d3a576..., userDataDir: C:\Users\dpran\AppData\Loca...}, goog:chromeOptions: {debuggerAddress: localhost:52901}, networkConnectionEnabled: false, pageLoadStrategy: normal, platformName: WINDOWS, proxy: Proxy(), se:cdp: ws://localhost:52901/devtoo..., se:cdpVersion: 107.0.5304.107, setWindowRect: true, strictFileInteractability: false, timeouts: {implicit: 0, pageLoad: 300000, script: 30000}, unhandledPromptBehavior: dismiss and notify, webauthn:extension:credBlob: true, webauthn:extension:largeBlob: true, webauthn:virtualAuthenticators: true}
Element: [[ChromeDriver: chrome on WINDOWS (33d33d38ad1f067d308ae11c6c7446c2)] -&amp;gt; xpath: //button[text()=&amp;apos; View Quotation &amp;apos;]]
Session ID: 33d33d38ad1f067d308ae11c6c7446c2">
      <![CDATA[org.openqa.selenium.ElementClickInterceptedException: element click intercepted: Element <button _ngcontent-oen-c162="" type="undefined" class="button-outlined-primary" disabled="">...</button> is not clickable at point (1379, 679). Other element would receive the click: <button _ngcontent-oen-c162="" type="undefined" class="button-filled-primary">...</button>
  (Session info: chrome=107.0.5304.107)
Build info: version: '4.5.0', revision: 'fe167b119a'
System info: os.name: 'Windows 11', os.arch: 'amd64', os.version: '10.0', java.version: '17.0.5'
Driver info: org.openqa.selenium.chrome.ChromeDriver
Command: [33d33d38ad1f067d308ae11c6c7446c2, clickElement {id=90da6a8d-1a00-44ef-a4cb-16ece7c865d7}]
Capabilities {acceptInsecureCerts: false, browserName: chrome, browserVersion: 107.0.5304.107, chrome: {chromedriverVersion: 107.0.5304.62 (1eec40d3a576..., userDataDir: C:\Users\dpran\AppData\Loca...}, goog:chromeOptions: {debuggerAddress: localhost:52901}, networkConnectionEnabled: false, pageLoadStrategy: normal, platformName: WINDOWS, proxy: Proxy(), se:cdp: ws://localhost:52901/devtoo..., se:cdpVersion: 107.0.5304.107, setWindowRect: true, strictFileInteractability: false, timeouts: {implicit: 0, pageLoad: 300000, script: 30000}, unhandledPromptBehavior: dismiss and notify, webauthn:extension:credBlob: true, webauthn:extension:largeBlob: true, webauthn:virtualAuthenticators: true}
Element: [[ChromeDriver: chrome on WINDOWS (33d33d38ad1f067d308ae11c6c7446c2)] -> xpath: //button[text()=' View Quotation ']]
Session ID: 33d33d38ad1f067d308ae11c6c7446c2
at java.base/jdk.internal.reflect.NativeConstructorAccessorImpl.newInstance0(Native Method)
at java.base/jdk.internal.reflect.NativeConstructorAccessorImpl.newInstance(NativeConstructorAccessorImpl.java:77)
at java.base/jdk.internal.reflect.DelegatingConstructorAccessorImpl.newInstance(DelegatingConstructorAccessorImpl.java:45)
at java.base/java.lang.reflect.Constructor.newInstanceWithCaller(Constructor.java:499)
at java.base/java.lang.reflect.Constructor.newInstance(Constructor.java:480)
at org.openqa.selenium.remote.codec.w3c.W3CHttpResponseCodec.createException(W3CHttpResponseCodec.java:200)
at org.openqa.selenium.remote.codec.w3c.W3CHttpResponseCodec.decode(W3CHttpResponseCodec.java:133)
at org.openqa.selenium.remote.codec.w3c.W3CHttpResponseCodec.decode(W3CHttpResponseCodec.java:53)
at org.openqa.selenium.remote.HttpCommandExecutor.execute(HttpCommandExecutor.java:184)
at org.openqa.selenium.remote.service.DriverCommandExecutor.invokeExecute(DriverCommandExecutor.java:167)
at org.openqa.selenium.remote.service.DriverCommandExecutor.execute(DriverCommandExecutor.java:142)
at org.openqa.selenium.remote.RemoteWebDriver.execute(RemoteWebDriver.java:547)
at org.openqa.selenium.remote.RemoteWebElement.execute(RemoteWebElement.java:257)
at org.openqa.selenium.remote.RemoteWebElement.click(RemoteWebElement.java:78)
at costCalculator_tests.CalculateCost.ShareQuotation(CalculateCost.java:57)
at java.base/jdk.internal.reflect.NativeMethodAccessorImpl.invoke0(Native Method)
at java.base/jdk.internal.reflect.NativeMethodAccessorImpl.invoke(NativeMethodAccessorImpl.java:77)
at java.base/jdk.internal.reflect.DelegatingMethodAccessorImpl.invoke(DelegatingMethodAccessorImpl.java:43)
at java.base/java.lang.reflect.Method.invoke(Method.java:568)
at org.testng.internal.MethodInvocationHelper.invokeMethod(MethodInvocationHelper.java:133)
at org.testng.internal.TestInvoker.invokeMethod(TestInvoker.java:598)
at org.testng.internal.TestInvoker.invokeTestMethod(TestInvoker.java:173)
at org.testng.internal.MethodRunner.runInSequence(MethodRunner.java:46)
at org.testng.internal.TestInvoker$MethodInvocationAgent.invoke(TestInvoker.java:824)
at org.testng.internal.TestInvoker.invokeTestMethods(TestInvoker.java:146)
at org.testng.internal.TestMethodWorker.invokeTestMethods(TestMethodWorker.java:146)
at org.testng.internal.TestMethodWorker.run(TestMethodWorker.java:128)
at java.base/java.util.ArrayList.forEach(ArrayList.java:1511)
at org.testng.TestRunner.privateRun(TestRunner.java:794)
at org.testng.TestRunner.run(TestRunner.java:596)
at org.testng.SuiteRunner.runTest(SuiteRunner.java:377)
at org.testng.SuiteRunner.runSequentially(SuiteRunner.java:371)
at org.testng.SuiteRunner.privateRun(SuiteRunner.java:332)
at org.testng.SuiteRunner.run(SuiteRunner.java:276)
at org.testng.SuiteRunnerWorker.runSuite(SuiteRunnerWorker.java:53)
at org.testng.SuiteRunnerWorker.run(SuiteRunnerWorker.java:96)
at org.testng.TestNG.runSuitesSequentially(TestNG.java:1212)
at org.testng.TestNG.runSuitesLocally(TestNG.java:1134)
at org.testng.TestNG.runSuites(TestNG.java:1063)
at org.testng.TestNG.run(TestNG.java:1031)
at org.testng.remote.AbstractRemoteTestNG.run(AbstractRemoteTestNG.java:115)
at org.testng.remote.RemoteTestNG.initAndRun(RemoteTestNG.java:251)
at org.testng.remote.RemoteTestNG.main(RemoteTestNG.java:77)
]]>
    </failure>
  </testcase> <!-- ShareQuotation -->
  <testcase classname="payments_tests.NewCreditNote" name="creditnote_Procedure" time="13.136"/>
  <testcase classname="payments_tests.NewCreditNote" name="creditnote_Procedure" time="14.141"/>
  <testcase classname="payments_tests.NewCreditNote" name="creditnote_Product" time="16.819"/>
  <testcase classname="payments_tests.NewCreditNote" name="creditnote_Product" time="19.489"/>
</testsuite> <!-- Default test -->
